Arguments: 
  /usr/local/bin/node /usr/local/bin/yarn format

PATH: 
  /opt/homebrew/Cellar/git/2.39.2/libexec/git-core:/opt/homebrew/bin:/opt/homebrew/sbin:/Library/Frameworks/Python.framework/Versions/3.11/bin:/usr/local/bin:/System/Cryptexes/App/usr/bin:/usr/bin:/bin:/usr/sbin:/sbin:/usr/local/go/bin:/opt/homebrew/bin:/opt/homebrew/sbin:/Library/Frameworks/Python.framework/Versions/3.11/bin

Yarn version: 
  1.22.19

Node version: 
  18.13.0

Platform: 
  darwin arm64

Trace: 
  SyntaxError: /Users/brianholmes/Documents/Codesmith/Projects/OSP/Svelvet Library/svelvet/package.json: Unexpected token < in JSON at position 22
      at JSON.parse (<anonymous>)
      at /usr/local/lib/node_modules/yarn/lib/cli.js:1629:59
      at Generator.next (<anonymous>)
      at step (/usr/local/lib/node_modules/yarn/lib/cli.js:310:30)
      at /usr/local/lib/node_modules/yarn/lib/cli.js:321:13

npm manifest: 
  {
  	"name": "svelvet",
  <<<<<<< HEAD
  	"version": "7.1.0",
  =======
  	"version": "7.0.34",
  >>>>>>> 2435fd22fefaf752a26b978103a8c91450e4852b
  	"description": "A lightweight Svelte component library for building dynamic, node-based user interfaces",
  	"keywords": [
  		"svelte",
  		"svelvet",
  		"typescript"
  	],
  	"authors": "Aaron, Abhi, Alexander, Ali, Andrew, Anu, Brian, Britta, Christopher, Damian, David, Dillon, Emma, Ernesto, Horacio, Ian, Jeffrey, Jen, Johnny, Justin, Mauricio, Michael, Rachel, Ryan, Samee, Taylor, Thomas, Timmy, Tony, Von, Walter",
  	"license": "MIT",
  	"bugs": {
  		"url": "https://github.com/open-source-labs/Svelvet/issues"
  	},
  	"homepage": "https://github.com/open-source-labs/Svelvet",
  	"repository": {
  		"type": "git",
  		"url": "git+https://github.com/open-source-labs/Svelvet.git"
  	},
  	"scripts": {
  		"dev": "vite dev",
  		"build": "vite build && npm run package",
  		"preview": "vite preview",
  		"package": "svelte-kit sync && svelte-package && publint",
  		"prepublishOnly": "yarn format && yarn lint && yarn test && npm run package",
  		"test": "playwright test",
  		"check": "svelte-kit sync && svelte-check --tsconfig ./tsconfig.json",
  		"check:watch": "svelte-kit sync && svelte-check --tsconfig ./tsconfig.json --watch",
  		"test:unit": "vitest",
  		"lint": "prettier --plugin-search-dir . --check . && eslint .",
  		"format": "prettier --plugin-search-dir . --write ."
  	},
  	"exports": {
  		".": {
  			"types": "./dist/index.d.ts",
  			"svelte": "./dist/index.js"
  		},
  		"./package.json": "./package.json"
  	},
  	"files": [
  		"dist"
  	],
  	"devDependencies": {
  		"@playwright/test": "^1.28.1",
  		"@sveltejs/adapter-auto": "^2.0.1",
  		"@sveltejs/kit": "^1.15.9",
  		"@sveltejs/package": "^2.0.2",
  		"@typescript-eslint/eslint-plugin": "^5.59.1",
  		"@typescript-eslint/parser": "^5.59.1",
  		"eslint": "^8.39.0",
  		"eslint-config-prettier": "^8.8.0",
  		"eslint-plugin-svelte3": "^4.0.0",
  		"prettier": "^2.8.8",
  		"prettier-plugin-svelte": "^2.10.0",
  		"publint": "^0.1.11",
  		"svelte-check": "^3.2.0",
  		"tslib": "^2.4.1",
  		"typescript": "^5.0.4",
  		"vite": "^4.3.3",
  		"vitest": "^0.30.1"
  	},
  	"peerDependencies": {
  		"svelte": "^3.58.0"
  	},
  	"svelte": "./dist/index.js",
  	"types": "./dist/index.d.ts",
  	"type": "module",
  	"main": "svelte.config.js",
  	"directories": {
  		"test": "tests"
  	},
  	"dependencies": {
  		"@playwright/test": "^1.28.1"
  	}
  }

yarn manifest: 
  No manifest

Lockfile: 
  No lockfile
